<?xml version="1.0" encoding="UTF-8"?>
<!-- Generated by org.testng.reporters.JUnitXMLReporter -->
<testsuite ignored="1" hostname="DESKTOP-S1PVOLS" failures="0" tests="2" name="Test" time="0.049" errors="0" timestamp="2022-12-11T08:33:39 CET">
  <testcase classname="com.BaseTest2.TestClass2" name="testCase4" time="0.007"/>
  <testcase classname="com.BaseTest2.TestClass2" name="testCase5" time="0.002"/>
  <testcase classname="com.BaseTest2.TestClass2" name="testCase6" time="0.0">
    <ignored/>
  </testcase> <!-- testCase6 -->
</testsuite> <!-- Test -->
