<?xml version="1.0" encoding="UTF-8"?>
<!-- Generated by org.testng.reporters.JUnitXMLReporter -->
<testsuite ignored="0" hostname="DESKTOP-S1PVOLS" failures="0" tests="6" name="Default test" time="0.063" errors="0" timestamp="2022-12-11T08:31:54 CET">
  <testcase classname="com.BaseTest1.TestClass1" name="testCase1" time="0.008"/>
  <testcase classname="com.BaseTest1.TestClass1" name="testCase2" time="0.001"/>
  <testcase classname="com.BaseTest1.TestClass1" name="testCase3" time="0.001"/>
  <testcase classname="com.BaseTest2.TestClass2" name="testCase4" time="0.001"/>
  <testcase classname="com.BaseTest2.TestClass2" name="testCase5" time="0.001"/>
  <testcase classname="com.BaseTest2.TestClass2" name="testCase6" time="0.001"/>
</testsuite> <!-- Default test -->
